2017-05-10 09:21:44-696 platformLogger ERROR @ TeamworkSettings:437  main 
com.mysql.jdbc.exceptions.jdbc4.MySQLSyntaxErrorException: Table 'twproject.twk_issue' doesn't exist
2017-05-10 09:21:44-711 platformLogger ERROR @ PlatformSchemaUpdater:155  main 

com.mysql.jdbc.exceptions.jdbc4.MySQLSyntaxErrorException: Table 'twproject.olpl_counter' doesn't exist
	at sun.reflect.NativeConstructorAccessorImpl.newInstance0(Native Method)
	at sun.reflect.NativeConstructorAccessorImpl.newInstance(NativeConstructorAccessorImpl.java:57)
	at sun.reflect.DelegatingConstructorAccessorImpl.newInstance(DelegatingConstructorAccessorImpl.java:45)
	at java.lang.reflect.Constructor.newInstance(Constructor.java:526)
	at com.mysql.jdbc.Util.handleNewInstance(Util.java:425)
	at com.mysql.jdbc.Util.getInstance(Util.java:408)
	at com.mysql.jdbc.SQLError.createSQLException(SQLError.java:943)
	at com.mysql.jdbc.MysqlIO.checkErrorPacket(MysqlIO.java:3973)
	at com.mysql.jdbc.MysqlIO.checkErrorPacket(MysqlIO.java:3909)
	at com.mysql.jdbc.MysqlIO.sendCommand(MysqlIO.java:2527)
	at com.mysql.jdbc.MysqlIO.sqlQueryDirect(MysqlIO.java:2680)
	at com.mysql.jdbc.ConnectionImpl.execSQL(ConnectionImpl.java:2501)
	at com.mysql.jdbc.PreparedStatement.executeInternal(PreparedStatement.java:1858)
	at com.mysql.jdbc.PreparedStatement.executeQuery(PreparedStatement.java:1966)
	at org.jblooming.persistence.hibernate.PlatformSchemaUpdater.getSchemaBuildNumber(PlatformSchemaUpdater.java:149)
	at org.jblooming.persistence.hibernate.PlatformSchemaUpdater.updateToLatestVersion(PlatformSchemaUpdater.java:28)
	at com.twproject.waf.settings.TeamworkSettings.configureNeedingPersistence(TeamworkSettings.java:746)
	at org.jblooming.waf.configuration.LoaderSupport.afterPersistenceSetupForApp(LoaderSupport.java:294)
	at org.jblooming.waf.configuration.LoaderSupport.afterPersistenceSetup(LoaderSupport.java:288)
	at org.jblooming.waf.configuration.LoaderSupport.start(LoaderSupport.java:187)
	at org.jblooming.waf.configuration.LoaderSupport.contextInitialized(LoaderSupport.java:56)
	at org.apache.catalina.core.StandardContext.listenerStart(StandardContext.java:4206)
	at org.apache.catalina.core.StandardContext.start(StandardContext.java:4705)
	at org.apache.catalina.core.ContainerBase.addChildInternal(ContainerBase.java:799)
	at org.apache.catalina.core.ContainerBase.addChild(ContainerBase.java:779)
	at org.apache.catalina.core.StandardHost.addChild(StandardHost.java:601)
	at org.apache.catalina.startup.HostConfig.deployDirectory(HostConfig.java:1079)
	at org.apache.catalina.startup.HostConfig.deployDirectories(HostConfig.java:1002)
	at org.apache.catalina.startup.HostConfig.deployApps(HostConfig.java:506)
	at org.apache.catalina.startup.HostConfig.start(HostConfig.java:1317)
	at org.apache.catalina.startup.HostConfig.lifecycleEvent(HostConfig.java:324)
	at org.apache.catalina.util.LifecycleSupport.fireLifecycleEvent(LifecycleSupport.java:142)
	at org.apache.catalina.core.ContainerBase.start(ContainerBase.java:1065)
	at org.apache.catalina.core.StandardHost.start(StandardHost.java:840)
	at org.apache.catalina.core.ContainerBase.start(ContainerBase.java:1057)
	at org.apache.catalina.core.StandardEngine.start(StandardEngine.java:463)
	at org.apache.catalina.core.StandardService.start(StandardService.java:525)
	at org.apache.catalina.core.StandardServer.start(StandardServer.java:754)
	at org.apache.catalina.startup.Catalina.start(Catalina.java:595)
	at sun.reflect.NativeMethodAccessorImpl.invoke0(Native Method)
	at sun.reflect.NativeMethodAccessorImpl.invoke(NativeMethodAccessorImpl.java:57)
	at sun.reflect.DelegatingMethodAccessorImpl.invoke(DelegatingMethodAccessorImpl.java:43)
	at java.lang.reflect.Method.invoke(Method.java:606)
	at org.apache.catalina.startup.Bootstrap.start(Bootstrap.java:289)
	at org.apache.catalina.startup.Bootstrap.main(Bootstrap.java:414)
2017-05-10 10:20:10-823 platformLogger INFO @ PersistenceConfiguration:221  main 
open lab platform - using C3P0 connection pooling
2017-05-10 10:20:11-184 platformLogger INFO @ LoaderSupport:366  main 
open lab platform - platform settings before persistence loaded ok
2017-05-10 10:20:12-700 platformLogger INFO @ LoaderSupport:366  main 
open lab platform - teamwork settings before persistence loaded ok
2017-05-10 10:21:54-433 platformLogger INFO @ PersistenceConfiguration:290  main 
open lab platform - config:config hibernate factory ok
2017-05-10 10:21:54-434 platformLogger INFO @ LoaderSupport:295  main 
open lab platform - platform settings after persistence loaded ok
2017-05-10 10:21:56-227 platformLogger INFO @ LoaderSupport:295  main 
open lab platform - teamwork settings after persistence loaded ok
2017-05-10 10:21:56-233 platformLogger INFO @ LoaderSupport:481  main 
open lab platform - default operator management loaded ok
2017-05-10 10:21:56-235 platformLogger INFO @ LoaderSupport:195  main 
open lab platform - persistence settings loaded ok
2017-05-10 10:21:56-383 platformLogger INFO @ I18n:333  main 
open lab platform - platform i18n settings loaded ok
2017-05-10 10:21:56-470 platformLogger INFO @ I18n:333  main 
open lab platform - teamwork i18n settings loaded ok
2017-05-10 10:22:01-377 platformLogger INFO @127.0.0.1 LoaderSupport:565  http-8085-1 
open lab platform - platform settings with PageContext loaded ok
2017-05-10 10:45:12-298 platformLogger INFO @ PersistenceConfiguration:221  main 
open lab platform - using C3P0 connection pooling
2017-05-10 10:45:12-649 platformLogger INFO @ LoaderSupport:366  main 
open lab platform - platform settings before persistence loaded ok
2017-05-10 10:45:14-353 platformLogger INFO @ LoaderSupport:366  main 
open lab platform - teamwork settings before persistence loaded ok
2017-05-10 10:45:32-359 platformLogger INFO @ PersistenceConfiguration:290  main 
open lab platform - config:config hibernate factory ok
2017-05-10 10:45:32-359 platformLogger INFO @ LoaderSupport:295  main 
open lab platform - platform settings after persistence loaded ok
2017-05-10 10:45:34-486 platformLogger INFO @ LoaderSupport:295  main 
open lab platform - teamwork settings after persistence loaded ok
2017-05-10 10:45:34-493 platformLogger INFO @ LoaderSupport:481  main 
open lab platform - default operator management loaded ok
2017-05-10 10:45:34-495 platformLogger INFO @ LoaderSupport:195  main 
open lab platform - persistence settings loaded ok
2017-05-10 10:45:34-724 platformLogger INFO @ I18n:333  main 
open lab platform - platform i18n settings loaded ok
2017-05-10 10:45:34-852 platformLogger INFO @ I18n:333  main 
open lab platform - teamwork i18n settings loaded ok
2017-05-10 10:46:07-189 platformLogger WARN @127.0.0.1 LoginAction:161  http-8085-1 
Invalid login attempted with loginname: administrator (ERR_INVALID_LOGIN)
2017-05-10 10:46:07-599 platformLogger INFO @127.0.0.1 LoaderSupport:565  http-8085-1 
open lab platform - platform settings with PageContext loaded ok
2017-05-10 10:46:18-652 platformLogger DEBUG @127.0.0.1 SetupSupport:1015  http-8085-1 
tw450CreateDefaultIssueStatuses started
2017-05-10 10:46:19-065 platformLogger DEBUG @127.0.0.1 SetupSupport:1076  http-8085-1 
tw450CreateDefaultIssueStatuses ended
