----------------------------------------------------------------------------------------------------------------
Schema evolution: Wed May 10 10:00:51 CST 2017

alter table twk_issue add constraint fk_issue_impact foreign key (impact) references olpl_lookup (id)
alter table twk_issue add constraint fk_issue_owner foreign key (ownerx) references olpl_operator (id)
alter table twk_issue add constraint fk_issue_issStatus foreign key (statusx) references twk_issue_status (id)
alter table twk_issue add constraint fk_issue_task foreign key (task) references twk_task (id)
alter table twk_issue add constraint fk_issue_type foreign key (type) references olpl_lookup (id)
create index idx_issuehist_res on twk_issue_history (assignee)
create index idx_issue_extemail on twk_issue_history (extRequesterEmail)
create index idx_issuehist_issue on twk_issue_history (issue)
create index idx_issuehist_isoldstat on twk_issue_history (oldstatus)
create index idx_issuehist_owner on twk_issue_history (ownerx)
create index idx_issuehist_isstat on twk_issue_history (statusx)
create index idx_issuehist_task on twk_issue_history (task)
alter table twk_issue_history add constraint fk_issuehist_res foreign key (assignee) references twk_resource (id)
alter table twk_issue_history add constraint fk_issuehist_issue foreign key (issue) references twk_issue (id)
alter table twk_issue_history add constraint fk_issuehist_isoldstat foreign key (oldstatus) references twk_issue_status (id)
alter table twk_issue_history add constraint fk_issuehist_owner foreign key (ownerx) references olpl_operator (id)
alter table twk_issue_history add constraint fk_issuehist_isstat foreign key (statusx) references twk_issue_status (id)
alter table twk_issue_history add constraint fk_issuehist_task foreign key (task) references twk_task (id)
create index idx_meeting_board on twk_meeting (board)
create index idx_meeting_owner on twk_meeting (ownerx)
alter table twk_meeting add constraint fk_meeting_board foreign key (board) references twk_board (id)
alter table twk_meeting add constraint fk_meeting_owner foreign key (ownerx) references olpl_operator (id)
alter table twk_person_news add constraint twk_person_news_id foreign key (person_id) references twk_resource (id)
create index idx_hit_entClass on twk_rank_hit (entityClass)
create index idx_hit_entId on twk_rank_hit (entityId)
create index idx_hit_op on twk_rank_hit (operatorId)
create index idx_hit_when on twk_rank_hit (whenx)
create index idx_res_anagr_resid on twk_res_ad (res_id)
create index idx_res_anagr_adid on twk_res_ad (anagraphicaldata_id)
alter table twk_res_ad add constraint fk_res_anagr_adid foreign key (anagraphicaldata_id) references olpl_anagraphicaldata (id)
alter table twk_res_ad add constraint fk_res_anagr_resid foreign key (res_id) references twk_resource (id)
create index idx_twres_ancids on twk_resource (ancestorids)
create index idx_res_res on twk_resource (parent)
create index idx_res_owner on twk_resource (ownerx)
create index idx_worker_area on twk_resource (area)
create index idx_res_name on twk_resource (name)
create index idx_res_code on twk_resource (code)
create index idx_res_loc on twk_resource (location)
create index idx_res_boss on twk_resource (myManager)
create index idx_res_manids on twk_resource (myManagerIds)
create index idx_res_cc on twk_resource (myCostAggregator)
create index idx_res_pername on twk_resource (personName)
create index idx_res_persurname on twk_resource (personSurname)
create index idx_res_op on twk_resource (myself)
create index idx_res_type on twk_resource (typex)
alter table twk_resource add constraint fk_res_res foreign key (parent) references twk_resource (id)
alter table twk_resource add constraint fk_res_owner foreign key (ownerx) references olpl_operator (id)
alter table twk_resource add constraint fk_worker_area foreign key (area) references olpl_area (id)
alter table twk_resource add constraint fk_res_loc foreign key (location) references olpl_location (id)
alter table twk_resource add constraint fk_res_boss foreign key (myManager) references twk_resource (id)
alter table twk_resource add constraint fk_res_cc foreign key (myCostAggregator) references twk_cost_aggregator (id)
alter table twk_resource add constraint fk_res_op foreign key (myself) references olpl_operator (id)
alter table twk_resource add constraint fk_res_type foreign key (typex) references olpl_departmenttype (id)
create index idx_stickynote_operator_author on twk_stickynote (author)
create index idx_sticky_oper_receiv on twk_stickynote (receiver)
create index idx_sticky_board on twk_stickynote (board)
alter table twk_stickynote add constraint fk_stickynote_operator_author foreign key (author) references twk_resource (id)
alter table twk_stickynote add constraint fk_sticky_oper_receiv foreign key (receiver) references twk_resource (id)
alter table twk_stickynote add constraint fk_sticky_board foreign key (board) references twk_board (id)
create index idx_tsk_code on twk_task (code)
create index idx_task_name on twk_task (name)
create index idx_task_type on twk_task (type)
create index idx_task_schedule on twk_task (schedule)
create index idx_task_forum on twk_task (forumEntry)
create index idx_task_ancids on twk_task (ancestorids)
create index idx_task_task on twk_task (parent)
create index idx_task_owner on twk_task (ownerx)
create index idx_task_area on twk_task (area)
alter table twk_task add constraint fk_task_type foreign key (type) references olpl_lookup (id)
alter table twk_task add constraint fk_task_schedule foreign key (schedule) references olpl_schedule (id)
alter table twk_task add constraint fk_task_forum foreign key (forumEntry) references olpl_ws_forum (id)
alter table twk_task add constraint fk_task_task foreign key (parent) references twk_task (id)
alter table twk_task add constraint fk_task_owner foreign key (ownerx) references olpl_operator (id)
alter table twk_task add constraint fk_task_area foreign key (area) references olpl_area (id)
create index idx_taskCosts_task on twk_task_costs (task_id)
create index idx_taskCosts_cost on twk_task_costs (cost_id)
alter table twk_task_costs add constraint fk_taskCosts_cost foreign key (cost_id) references twk_cost (id)
alter table twk_task_costs add constraint fk_taskCosts_task foreign key (task_id) references twk_task (id)
create index idx_tskdathist_createdon on twk_task_data_hist (createdOn)
create index idx_tskdathist_tskid on twk_task_data_hist (taskId)
create index idx_tsk_sched_task on twk_task_sched_hist (task)
create index idx_tsk_sched_hist on twk_task_sched_hist (schedule)
alter table twk_task_sched_hist add constraint fk_tsk_sched_task foreign key (task) references twk_task (id)
alter table twk_task_sched_hist add constraint fk_tsk_sched_hist foreign key (schedule) references olpl_schedule (id)
create index idx_tsk_stat_task on twk_task_status_hist (task)
alter table twk_task_status_hist add constraint fk_tsk_stat_task foreign key (task) references twk_task (id)
create index idx_tskdep_task on twk_taskdep (task)
create index idx_tskdep_deps on twk_taskdep (depends)
alter table twk_taskdep add constraint fk_tskdep_task foreign key (task) references twk_task (id)
alter table twk_taskdep add constraint fk_tskdep_deps foreign key (depends) references twk_task (id)
create index idx_tp_process on twk_taskprocess (processInstance)
create index idx_tp_task on twk_taskprocess (task)
alter table twk_taskprocess add constraint fk_tp_process foreign key (processInstance) references flow_processinstance (ID_)
alter table twk_taskprocess add constraint fk_tp_task foreign key (task) references twk_task (id)
create index idx_worklog_assig on twk_worklog (assig)
create index idx_worklog_inserted on twk_worklog (inserted)
create index idx_worklog_issue on twk_worklog (issue)
create index idx_worklog_wklsts on twk_worklog (statusx)
alter table twk_worklog add constraint fk_worklog_assig foreign key (assig) references twk_assignment (id)
alter table twk_worklog add constraint fk_worklog_issue foreign key (issue) references twk_issue (id)
alter table twk_worklog add constraint fk_worklog_wklsts foreign key (statusx) references olpl_lookup (id)
